<?xml version="1.0" encoding="UTF-8"?>
<!-- Generated by org.testng.reporters.JUnitReportReporter -->
<testsuite hostname="INSISCPLT-5512" failures="0" tests="1" name="TestCase.LoginPageTest" time="0.064" errors="0" timestamp="2023-10-11T16:08:00 IST" skipped="0">
  <testcase classname="TestCase.LoginPageTest" name="VerifyLogin" time="0.064"/>
</testsuite> <!-- TestCase.LoginPageTest -->
