<?xml version="1.0" encoding="UTF-8"?>
<!-- Generated by org.testng.reporters.JUnitReportReporter -->
<testsuite hostname="INSISCPLT-5512" failures="0" tests="8" name="TestCase.TC01" time="88.898" errors="0" timestamp="2023-10-11T16:09:50 IST" skipped="0">
  <testcase classname="TestCase.TC01" name="VerifyLogin" time="10.236"/>
  <testcase classname="TestCase.TC01" name="ProductDetails" time="13.079"/>
  <testcase classname="TestCase.TC01" name="ViewProduct1" time="11.639"/>
  <testcase classname="TestCase.TC01" name="placeorder" time="10.374"/>
  <testcase classname="TestCase.TC01" name="ViewContact" time="9.149"/>
  <testcase classname="TestCase.TC01" name="ViewVideo" time="12.737"/>
  <testcase classname="TestCase.TC01" name="windowHandle" time="12.768"/>
  <testcase classname="TestCase.TC01" name="screenShot" time="8.916"/>
</testsuite> <!-- TestCase.TC01 -->
